<?xml version="1.0" encoding="UTF-8"?>
<testng-results ignored="0" total="1" passed="1" failed="0" skipped="0">
  <reporter-output>
  </reporter-output>
  <suite started-at="2024-02-23T10:16:15 IST" name="Default suite" finished-at="2024-02-23T10:16:27 IST" duration-ms="11491">
    <groups>
      <group name="cucumber">
        <method signature="AbstractTestNGCucumberTests.runScenario(io.cucumber.testng.PickleWrapper,io.cucumber.testng.FeatureWrapper)[pri:0, instance:com.CucumberOpts.TestNGTestRunner@33d512c1]" name="runScenario" class="io.cucumber.testng.AbstractTestNGCucumberTests"/>
      </group> <!-- cucumber -->
    </groups>
    <test started-at="2024-02-23T10:16:15 IST" name="Default test" finished-at="2024-02-23T10:16:27 IST" duration-ms="11491">
      <class name="com.CucumberOpts.TestNGTestRunner">
        <test-method is-config="true" signature="setUpClass(org.testng.ITestContext)[pri:0, instance:com.CucumberOpts.TestNGTestRunner@33d512c1]" started-at="2024-02-23T10:16:15 IST" name="setUpClass" finished-at="2024-02-23T10:16:15 IST" duration-ms="207" status="PASS">
          <params>
            <param index="0">
              <value>
                <![CDATA[org.testng.TestRunner@6f63c44f]]>
              </value>
            </param>
          </params>
          <reporter-output>
          </reporter-output>
        </test-method> <!-- setUpClass -->
        <test-method signature="runScenario(io.cucumber.testng.PickleWrapper,io.cucumber.testng.FeatureWrapper)[pri:0, instance:com.CucumberOpts.TestNGTestRunner@33d512c1]" started-at="2024-02-23T10:16:15 IST" name="runScenario" description="Runs Cucumber Scenarios" data-provider="scenarios" finished-at="2024-02-23T10:16:27 IST" duration-ms="11226" status="PASS">
          <params>
            <param index="0">
              <value>
                <![CDATA["Search product in both product page and offer page"]]>
              </value>
            </param>
            <param index="1">
              <value>
                <![CDATA["Search and Order a product"]]>
              </value>
            </param>
          </params>
          <reporter-output>
          </reporter-output>
        </test-method> <!-- runScenario -->
        <test-method is-config="true" signature="tearDownClass()[pri:0, instance:com.CucumberOpts.TestNGTestRunner@33d512c1]" started-at="2024-02-23T10:16:27 IST" name="tearDownClass" finished-at="2024-02-23T10:16:27 IST" duration-ms="5" status="PASS">
          <reporter-output>
          </reporter-output>
        </test-method> <!-- tearDownClass -->
      </class> <!-- com.CucumberOpts.TestNGTestRunner -->
    </test> <!-- Default test -->
  </suite> <!-- Default suite -->
</testng-results>
