<?xml version="1.0" encoding="UTF-8"?>
<testng-results ignored="0" total="1" passed="1" failed="0" skipped="0">
  <reporter-output>
  </reporter-output>
  <suite started-at="2024-03-12T11:29:11 IST" name="Default suite" finished-at="2024-03-12T11:29:24 IST" duration-ms="13026">
    <groups>
      <group name="cucumber">
        <method signature="AbstractTestNGCucumberTests.runScenario(io.cucumber.testng.PickleWrapper,io.cucumber.testng.FeatureWrapper)[pri:0, instance:com.CucumberOpts.TestNGTestRunner@72035809]" name="runScenario" class="io.cucumber.testng.AbstractTestNGCucumberTests"/>
      </group> <!-- cucumber -->
    </groups>
    <test started-at="2024-03-12T11:29:11 IST" name="Default test" finished-at="2024-03-12T11:29:24 IST" duration-ms="13026">
      <class name="com.CucumberOpts.TestNGTestRunner">
        <test-method is-config="true" signature="setUpClass(org.testng.ITestContext)[pri:0, instance:com.CucumberOpts.TestNGTestRunner@72035809]" started-at="2024-03-12T11:29:11 IST" name="setUpClass" finished-at="2024-03-12T11:29:11 IST" duration-ms="170" status="PASS">
          <params>
            <param index="0">
              <value>
                <![CDATA[org.testng.TestRunner@6a9b0a6f]]>
              </value>
            </param>
          </params>
          <reporter-output>
          </reporter-output>
        </test-method> <!-- setUpClass -->
        <test-method signature="runScenario(io.cucumber.testng.PickleWrapper,io.cucumber.testng.FeatureWrapper)[pri:0, instance:com.CucumberOpts.TestNGTestRunner@72035809]" started-at="2024-03-12T11:29:12 IST" name="runScenario" description="Runs Cucumber Scenarios" data-provider="scenarios" finished-at="2024-03-12T11:29:24 IST" duration-ms="12818" status="PASS">
          <params>
            <param index="0">
              <value>
                <![CDATA["Search product in both product page and offer page"]]>
              </value>
            </param>
            <param index="1">
              <value>
                <![CDATA["Search and Order a product"]]>
              </value>
            </param>
          </params>
          <reporter-output>
          </reporter-output>
        </test-method> <!-- runScenario -->
        <test-method is-config="true" signature="tearDownClass()[pri:0, instance:com.CucumberOpts.TestNGTestRunner@72035809]" started-at="2024-03-12T11:29:24 IST" name="tearDownClass" finished-at="2024-03-12T11:29:24 IST" duration-ms="1" status="PASS">
          <reporter-output>
          </reporter-output>
        </test-method> <!-- tearDownClass -->
      </class> <!-- com.CucumberOpts.TestNGTestRunner -->
    </test> <!-- Default test -->
  </suite> <!-- Default suite -->
</testng-results>
