<?xml version="1.0" encoding="UTF-8"?>
<!-- Generated by org.testng.reporters.JUnitReportReporter -->
<testsuite hostname="LTIN377195" failures="1" tests="1" name="com.CucumberOpts.FailedTestRunner" time="23.072" errors="0" timestamp="2024-03-19T11:38:02 IST" skipped="0">
  <testcase classname="com.CucumberOpts.FailedTestRunner" name="runScenario" time="23.072">
    <failure message="expected [Beetroot] but found [No data]" type="java.lang.AssertionError">
      <![CDATA[java.lang.AssertionError: expected [Beetroot] but found [No data]
at org.testng.Assert.fail(Assert.java:111)
at org.testng.Assert.failNotEquals(Assert.java:1578)
at org.testng.Assert.assertEqualsImpl(Assert.java:150)
at org.testng.Assert.assertEquals(Assert.java:132)
at org.testng.Assert.assertEquals(Assert.java:656)
at org.testng.Assert.assertEquals(Assert.java:666)
at com.featurescom.stepDefinitions.OfferPageStepDef.validate_product_name_in_offer_page_matches_the_landing_page(OfferPageStepDef.java:55)
at ✽.validate product name in offer page matches the landing page(file:///C:/Users/2172261/git/BDDMar2024/BDDFramework/src/test/java/com/features/searchProduct.feature:11)
]]>
    </failure>
  </testcase> <!-- runScenario -->
</testsuite> <!-- com.CucumberOpts.FailedTestRunner -->
